  glad.c
  BasicMesh.cpp
c:\vs projects\opengl_project_\src\basicmesh.cpp(7): warning C4018: '<': signed/unsigned mismatch
c:\vs projects\opengl_project_\src\basicmesh.cpp(19): warning C4244: 'initializing': conversion from 'double' to 'float', possible loss of data
c:\vs projects\opengl_project_\src\basicmesh.cpp(52): warning C4018: '<': signed/unsigned mismatch
  Callback.cpp
  Camera.cpp
c:\vs projects\opengl_project_\src\camera.cpp(62): warning C4244: '=': conversion from 'double' to 'float', possible loss of data
c:\vs projects\opengl_project_\src\camera.cpp(63): warning C4244: '=': conversion from 'double' to 'float', possible loss of data
c:\vs projects\opengl_project_\src\camera.cpp(72): warning C4244: '=': conversion from 'double' to 'float', possible loss of data
c:\vs projects\opengl_project_\src\camera.cpp(73): warning C4244: '=': conversion from 'double' to 'float', possible loss of data
  Main.cpp
c:\vs projects\opengl_project_\src\main.cpp(298): warning C4244: 'initializing': conversion from 'double' to 'float', possible loss of data
c:\vs projects\opengl_project_\src\main.cpp(309): warning C4244: 'argument': conversion from 'double' to 'float', possible loss of data
c:\vs projects\opengl_project_\src\main.cpp(339): warning C4244: 'initializing': conversion from 'double' to 'float', possible loss of data
c:\vs projects\opengl_project_\src\main.cpp(406): warning C4244: 'initializing': conversion from 'double' to 'float', possible loss of data
  Mesh.cpp
c:\vs projects\opengl_project_\src\mesh.cpp(50): warning C4018: '<': signed/unsigned mismatch
  Model.cpp
c:\vs projects\opengl_project_\src\model.cpp(12): warning C4018: '<': signed/unsigned mismatch
c:\vs projects\opengl_project_\src\model.cpp(34): warning C4018: '<': signed/unsigned mismatch
c:\vs projects\opengl_project_\src\model.cpp(40): warning C4018: '<': signed/unsigned mismatch
c:\vs projects\opengl_project_\src\model.cpp(53): warning C4018: '<': signed/unsigned mismatch
c:\vs projects\opengl_project_\src\model.cpp(92): warning C4018: '<': signed/unsigned mismatch
c:\vs projects\opengl_project_\src\model.cpp(95): warning C4018: '<': signed/unsigned mismatch
c:\vs projects\opengl_project_\src\model.cpp(120): warning C4018: '<': signed/unsigned mismatch
c:\vs projects\opengl_project_\src\model.cpp(126): warning C4018: '<': signed/unsigned mismatch
  Shader.cpp
c:\vs projects\opengl_project_\src\shader.cpp(45): warning C4101: 'e': unreferenced local variable
  Utility.cpp
c:\vs projects\opengl_project_\src\utility.cpp(147): warning C4018: '<': signed/unsigned mismatch
LINK : warning LNK4098: defaultlib 'MSVCRTD' conflicts with use of other libs; use /NODEFAULTLIB:library
  Generating code
  All 1548 functions were compiled because no usable IPDB/IOBJ from previous compilation was found.
  Finished generating code
  OpenGL_Project_.vcxproj -> C:\VS Projects\OpenGL_Project_\Release\OpenGL_Project_.exe
